#
# There is insufficient memory for the Java Runtime Environment to continue.
# Native memory allocation (mmap) failed to map 12288 bytes for committing reserved memory.
# Possible reasons:
#   The system is out of physical RAM or swap space
#   The process is running with CompressedOops enabled, and the Java Heap may be blocking the growth of the native heap
# Possible solutions:
#   Reduce memory load on the system
#   Increase physical memory or swap space
#   Check if swap backing store is full
#   Decrease Java heap size (-Xmx/-Xms)
#   Decrease number of Java threads
#   Decrease Java thread stack sizes (-Xss)
#   Set larger code cache with -XX:ReservedCodeCacheSize=
#   JVM is running with Unscaled Compressed Oops mode in which the Java heap is
#     placed in the first 4GB address space. The Java Heap base address is the
#     maximum limit for the native heap growth. Please use -XX:HeapBaseMinAddress
#     to set the Java Heap base and to place the Java Heap above 4GB virtual address.
# This output file may be truncated or incomplete.
#
#  Out of Memory Error (os_linux.cpp:2757), pid=16197, tid=0x00007f2eef6f6700
#
# JRE version: OpenJDK Runtime Environment (8.0_242-b08) (build 1.8.0_242-8u242-b08-1~deb9u1-b08)
# Java VM: OpenJDK 64-Bit Server VM (25.242-b08 mixed mode linux-amd64 compressed oops)
# Failed to write core dump. Core dumps have been disabled. To enable core dumping, try "ulimit -c unlimited" before starting Java again
#

---------------  T H R E A D  ---------------

Current thread (0x00007f2ef10c6000):  JavaThread "HikariPool-3 connection closer" daemon [_thread_new, id=21457, stack(0x00007f2eef5f6000,0x00007f2eef6f7000)]

Stack: [0x00007f2eef5f6000,0x00007f2eef6f7000],  sp=0x00007f2eef6f5b50,  free space=1022k
Native frames: (J=compiled Java code, j=interpreted, Vv=VM code, C=native code)
V  [libjvm.so+0xa7f540]
V  [libjvm.so+0x4cd76c]
V  [libjvm.so+0x8cd30c]
V  [libjvm.so+0x8c489e]
V  [libjvm.so+0x8ce897]
V  [libjvm.so+0xa20d58]
V  [libjvm.so+0xa24e8c]
V  [libjvm.so+0x8cab22]
C  [libpthread.so.0+0x74a4]  start_thread+0xc4


---------------  P R O C E S S  ---------------

Java Threads: ( => current thread )
  0x00007f2ef0ade000 JavaThread "HikariPool-3 connection adder" daemon [_thread_new, id=21458, stack(0x00007f2eefbfc000,0x00007f2eefcfd000)]
=>0x00007f2ef10c6000 JavaThread "HikariPool-3 connection closer" daemon [_thread_new, id=21457, stack(0x00007f2eef5f6000,0x00007f2eef6f7000)]
  0x00007f2ef8094800 JavaThread "http-nio-8000-Acceptor" daemon [_thread_in_native, id=19875, stack(0x00007f2f2a236000,0x00007f2f2a337000)]
  0x00007f2ef8093800 JavaThread "http-nio-8000-ClientPoller" daemon [_thread_in_native, id=19874, stack(0x00007f2f28514000,0x00007f2f28615000)]
  0x00007f2ef8092800 JavaThread "http-nio-8000-exec-10" daemon [_thread_blocked, id=19873, stack(0x00007f2f28312000,0x00007f2f28413000)]
  0x00007f2ef8091800 JavaThread "http-nio-8000-exec-9" daemon [_thread_blocked, id=19872, stack(0x00007f2eefcfd000,0x00007f2eefdfe000)]
  0x00007f2ef8090800 JavaThread "http-nio-8000-exec-8" daemon [_thread_blocked, id=19871, stack(0x00007f2f2a135000,0x00007f2f2a236000)]
  0x00007f2ef808f800 JavaThread "http-nio-8000-exec-7" daemon [_thread_blocked, id=19870, stack(0x00007f2eefafb000,0x00007f2eefbfc000)]
  0x00007f2ef808e800 JavaThread "http-nio-8000-exec-6" daemon [_thread_blocked, id=19869, stack(0x00007f2eef8f9000,0x00007f2eef9fa000)]
  0x00007f2ef808d800 JavaThread "http-nio-8000-exec-5" daemon [_thread_blocked, id=19868, stack(0x00007f2eef6f7000,0x00007f2eef7f8000)]
  0x00007f2ef808c800 JavaThread "http-nio-8000-exec-4" daemon [_thread_blocked, id=19867, stack(0x00007f2f000fe000,0x00007f2f001ff000)]
  0x00007f2ef808b800 JavaThread "http-nio-8000-exec-3" daemon [_thread_blocked, id=19866, stack(0x00007f2eef7f8000,0x00007f2eef8f9000)]
  0x00007f2ef808a800 JavaThread "http-nio-8000-exec-2" daemon [_thread_blocked, id=19865, stack(0x00007f2eef2f3000,0x00007f2eef3f4000)]
  0x00007f2ef8089800 JavaThread "http-nio-8000-exec-1" daemon [_thread_blocked, id=19864, stack(0x00007f2eef3f4000,0x00007f2eef4f5000)]
  0x00007f2ef8096000 JavaThread "http-nio-8000-BlockPoller" daemon [_thread_in_native, id=19863, stack(0x00007f2f2a034000,0x00007f2f2a135000)]
  0x00007f2ef8095800 JavaThread "File Watcher" daemon [_thread_blocked, id=19862, stack(0x00007f2f28413000,0x00007f2f28514000)]
  0x00007f2ef8028800 JavaThread "container-0" [_thread_blocked, id=19860, stack(0x00007f2eefdfe000,0x00007f2eefeff000)]
  0x00007f2ef805e000 JavaThread "Catalina-utility-2" [_thread_blocked, id=19859, stack(0x00007f2eef9fa000,0x00007f2eefafb000)]
  0x00007f2ef8055000 JavaThread "Catalina-utility-1" [_thread_blocked, id=19858, stack(0x00007f2eefeff000,0x00007f2ef0000000)]
  0x00007f2ef8068800 JavaThread "HikariPool-3 housekeeper" daemon [_thread_blocked, id=19857, stack(0x00007f2f28211000,0x00007f2f28312000)]
  0x00007f2ee805e800 JavaThread "Live Reload Server" daemon [_thread_in_native, id=19752, stack(0x00007f2eef4f5000,0x00007f2eef5f6000)]
  0x00007f2f3c00e000 JavaThread "DestroyJavaVM" [_thread_blocked, id=16199, stack(0x00007f2f45735000,0x00007f2f45835000)]
  0x00007f2f3c0bd800 JavaThread "Service Thread" daemon [_thread_blocked, id=16212, stack(0x00007f2f2ab91000,0x00007f2f2ac92000)]
  0x00007f2f3c0bb000 JavaThread "C1 CompilerThread1" daemon [_thread_blocked, id=16211, stack(0x00007f2f2ac93000,0x00007f2f2ad93000)]
  0x00007f2f3c0b8000 JavaThread "C2 CompilerThread0" daemon [_thread_blocked, id=16210, stack(0x00007f2f2ad94000,0x00007f2f2ae94000)]
  0x00007f2f3c0b6800 JavaThread "Signal Dispatcher" daemon [_thread_blocked, id=16209, stack(0x00007f2f2ae94000,0x00007f2f2af95000)]
  0x00007f2f3c086000 JavaThread "Finalizer" daemon [_thread_blocked, id=16208, stack(0x00007f2f40026000,0x00007f2f40127000)]
  0x00007f2f3c081800 JavaThread "Reference Handler" daemon [_thread_blocked, id=16207, stack(0x00007f2f40127000,0x00007f2f40228000)]

Other Threads:
  0x00007f2f3c078000 VMThread [stack: 0x00007f2f40229000,0x00007f2f40329000] [id=16204]
  0x00007f2f3c0c0000 WatcherThread [stack: 0x00007f2f2aa91000,0x00007f2f2ab91000] [id=16213]

VM state:not at safepoint (normal execution)

VM Mutex/Monitor currently owned by a thread: None

heap address: 0x00000000c2600000, size: 986 MB, Compressed Oops mode: 32-bit
Narrow klass base: 0x0000000000000000, Narrow klass shift: 3
Compressed class space size: 1073741824 Address: 0x0000000100000000

Heap:
 PSYoungGen      total 320512K, used 205294K [0x00000000eb780000, 0x00000000fff00000, 0x0000000100000000)
  eden space 305152K, 67% used [0x00000000eb780000,0x00000000f7fe3908,0x00000000fe180000)
  from space 15360K, 0% used [0x00000000ff000000,0x00000000ff018000,0x00000000fff00000)
  to   space 14848K, 0% used [0x00000000fe180000,0x00000000fe180000,0x00000000ff000000)
 ParOldGen       total 56320K, used 19994K [0x00000000c2600000, 0x00000000c5d00000, 0x00000000eb780000)
  object space 56320K, 35% used [0x00000000c2600000,0x00000000c3986990,0x00000000c5d00000)
 Metaspace       used 59464K, capacity 62890K, committed 62976K, reserved 1103872K
  class space    used 7824K, capacity 8441K, committed 8448K, reserved 1048576K

Card table byte_map: [0x00007f2f41c13000,0x00007f2f41e01000] byte_map_base: 0x00007f2f41600000

Marking Bits: (ParMarkBitMap*) 0x00007f2f44a255c0
 Begin Bits: [0x00007f2f2b130000, 0x00007f2f2c098000)
 End Bits:   [0x00007f2f2c098000, 0x00007f2f2d000000)

Polling page: 0x00007f2f4584d000

CodeCache: size=245760Kb used=15750Kb max_used=15758Kb free=230010Kb
 bounds [0x00007f2f2d000000, 0x00007f2f2df80000, 0x00007f2f3c000000]
 total_blobs=6012 nmethods=5469 adapters=456
 compilation: enabled

Compilation events (10 events):
Event: 26635,056 Thread 0x00007f2f3c0bb000 6398       3       org.h2.mvstore.db.MVTable::traceLock (67 bytes)
Event: 26635,097 Thread 0x00007f2f3c0bb000 nmethod 6398 0x00007f2f2df75690 code [0x00007f2f2df75940, 0x00007f2f2df76e08]
Event: 26709,520 Thread 0x00007f2f3c0bb000 6399       3       ch.qos.logback.classic.Logger::filterAndLog_0_Or3Plus (61 bytes)
Event: 26709,549 Thread 0x00007f2f3c0bb000 nmethod 6399 0x00007f2f2d884110 code [0x00007f2f2d884300, 0x00007f2f2d884cd8]
Event: 26714,570 Thread 0x00007f2f3c0bb000 6400       3       org.h2.command.Prepared::needRecompile (55 bytes)
Event: 26714,575 Thread 0x00007f2f3c0bb000 nmethod 6400 0x00007f2f2d7d3710 code [0x00007f2f2d7d3900, 0x00007f2f2d7d4198]
Event: 27176,075 Thread 0x00007f2f3c0b8000 6402       4       java.util.concurrent.locks.AbstractQueuedSynchronizer$ConditionObject::awaitNanos (156 bytes)
Event: 27176,163 Thread 0x00007f2f3c0b8000 nmethod 6402 0x00007f2f2df7b710 code [0x00007f2f2df7b960, 0x00007f2f2df7c9a0]
Event: 27227,054 Thread 0x00007f2f3c0bb000 6403   !   3       java.util.concurrent.ThreadPoolExecutor::getTask (179 bytes)
Event: 27227,098 Thread 0x00007f2f3c0bb000 nmethod 6403 0x00007f2f2df79cd0 code [0x00007f2f2df79f20, 0x00007f2f2df7b078]

GC Heap History (10 events):
Event: 10655,775 GC heap before
{Heap before GC invocations=19 (full 4):
 PSYoungGen      total 318976K, used 171005K [0x00000000eb780000, 0x0000000100000000, 0x0000000100000000)
  eden space 301568K, 56% used [0x00000000eb780000,0x00000000f5e7f730,0x00000000fde00000)
  from space 17408K, 0% used [0x00000000fef00000,0x00000000fef00000,0x0000000100000000)
  to   space 17408K, 0% used [0x00000000fde00000,0x00000000fde00000,0x00000000fef00000)
 ParOldGen       total 56320K, used 12562K [0x00000000c2600000, 0x00000000c5d00000, 0x00000000eb780000)
  object space 56320K, 22% used [0x00000000c2600000,0x00000000c32449f8,0x00000000c5d00000)
 Metaspace       used 58539K, capacity 61748K, committed 61952K, reserved 1103872K
  class space    used 7790K, capacity 8366K, committed 8448K, reserved 1048576K
Event: 10655,805 GC heap after
Heap after GC invocations=19 (full 4):
 PSYoungGen      total 307712K, used 5677K [0x00000000eb780000, 0x00000000ffe80000, 0x0000000100000000)
  eden space 301568K, 0% used [0x00000000eb780000,0x00000000eb780000,0x00000000fde00000)
  from space 6144K, 92% used [0x00000000fde00000,0x00000000fe38b7b0,0x00000000fe400000)
  to   space 16384K, 0% used [0x00000000fee80000,0x00000000fee80000,0x00000000ffe80000)
 ParOldGen       total 56320K, used 12562K [0x00000000c2600000, 0x00000000c5d00000, 0x00000000eb780000)
  object space 56320K, 22% used [0x00000000c2600000,0x00000000c32449f8,0x00000000c5d00000)
 Metaspace       used 58539K, capacity 61748K, committed 61952K, reserved 1103872K
  class space    used 7790K, capacity 8366K, committed 8448K, reserved 1048576K
}
Event: 10655,805 GC heap before
{Heap before GC invocations=20 (full 5):
 PSYoungGen      total 307712K, used 5677K [0x00000000eb780000, 0x00000000ffe80000, 0x0000000100000000)
  eden space 301568K, 0% used [0x00000000eb780000,0x00000000eb780000,0x00000000fde00000)
  from space 6144K, 92% used [0x00000000fde00000,0x00000000fe38b7b0,0x00000000fe400000)
  to   space 16384K, 0% used [0x00000000fee80000,0x00000000fee80000,0x00000000ffe80000)
 ParOldGen       total 56320K, used 12562K [0x00000000c2600000, 0x00000000c5d00000, 0x00000000eb780000)
  object space 56320K, 22% used [0x00000000c2600000,0x00000000c32449f8,0x00000000c5d00000)
 Metaspace       used 58539K, capacity 61748K, committed 61952K, reserved 1103872K
  class space    used 7790K, capacity 8366K, committed 8448K, reserved 1048576K
Event: 10655,958 GC heap after
Heap after GC invocations=20 (full 5):
 PSYoungGen      total 307712K, used 0K [0x00000000eb780000, 0x00000000ffe80000, 0x0000000100000000)
  eden space 301568K, 0% used [0x00000000eb780000,0x00000000eb780000,0x00000000fde00000)
  from space 6144K, 0% used [0x00000000fde00000,0x00000000fde00000,0x00000000fe400000)
  to   space 16384K, 0% used [0x00000000fee80000,0x00000000fee80000,0x00000000ffe80000)
 ParOldGen       total 56320K, used 15735K [0x00000000c2600000, 0x00000000c5d00000, 0x00000000eb780000)
  object space 56320K, 27% used [0x00000000c2600000,0x00000000c355dc40,0x00000000c5d00000)
 Metaspace       used 58539K, capacity 61748K, committed 61952K, reserved 1103872K
  class space    used 7790K, capacity 8366K, committed 8448K, reserved 1048576K
}
Event: 13173,406 GC heap before
{Heap before GC invocations=21 (full 5):
 PSYoungGen      total 307712K, used 301568K [0x00000000eb780000, 0x00000000ffe80000, 0x0000000100000000)
  eden space 301568K, 100% used [0x00000000eb780000,0x00000000fde00000,0x00000000fde00000)
  from space 6144K, 0% used [0x00000000fde00000,0x00000000fde00000,0x00000000fe400000)
  to   space 16384K, 0% used [0x00000000fee80000,0x00000000fee80000,0x00000000ffe80000)
 ParOldGen       total 56320K, used 15735K [0x00000000c2600000, 0x00000000c5d00000, 0x00000000eb780000)
  object space 56320K, 27% used [0x00000000c2600000,0x00000000c355dc40,0x00000000c5d00000)
 Metaspace       used 59323K, capacity 62762K, committed 62976K, reserved 1103872K
  class space    used 7824K, capacity 8441K, committed 8448K, reserved 1048576K
Event: 13173,424 GC heap after
Heap after GC invocations=21 (full 5):
 PSYoungGen      total 319488K, used 5413K [0x00000000eb780000, 0x0000000100000000, 0x0000000100000000)
  eden space 303104K, 0% used [0x00000000eb780000,0x00000000eb780000,0x00000000fdf80000)
  from space 16384K, 33% used [0x00000000fee80000,0x00000000ff3c9618,0x00000000ffe80000)
  to   space 15360K, 0% used [0x00000000fdf80000,0x00000000fdf80000,0x00000000fee80000)
 ParOldGen       total 56320K, used 15743K [0x00000000c2600000, 0x00000000c5d00000, 0x00000000eb780000)
  object space 56320K, 27% used [0x00000000c2600000,0x00000000c355fc40,0x00000000c5d00000)
 Metaspace       used 59323K, capacity 62762K, committed 62976K, reserved 1103872K
  class space    used 7824K, capacity 8441K, committed 8448K, reserved 1048576K
}
Event: 18948,211 GC heap before
{Heap before GC invocations=22 (full 5):
 PSYoungGen      total 319488K, used 308517K [0x00000000eb780000, 0x0000000100000000, 0x0000000100000000)
  eden space 303104K, 100% used [0x00000000eb780000,0x00000000fdf80000,0x00000000fdf80000)
  from space 16384K, 33% used [0x00000000fee80000,0x00000000ff3c9618,0x00000000ffe80000)
  to   space 15360K, 0% used [0x00000000fdf80000,0x00000000fdf80000,0x00000000fee80000)
 ParOldGen       total 56320K, used 15743K [0x00000000c2600000, 0x00000000c5d00000, 0x00000000eb780000)
  object space 56320K, 27% used [0x00000000c2600000,0x00000000c355fc40,0x00000000c5d00000)
 Metaspace       used 59400K, capacity 62826K, committed 62976K, reserved 1103872K
  class space    used 7824K, capacity 8441K, committed 8448K, reserved 1048576K
Event: 18948,264 GC heap after
Heap after GC invocations=22 (full 5):
 PSYoungGen      total 318464K, used 64K [0x00000000eb780000, 0x00000000fff00000, 0x0000000100000000)
  eden space 303104K, 0% used [0x00000000eb780000,0x00000000eb780000,0x00000000fdf80000)
  from space 15360K, 0% used [0x00000000fdf80000,0x00000000fdf90000,0x00000000fee80000)
  to   space 15360K, 0% used [0x00000000ff000000,0x00000000ff000000,0x00000000fff00000)
 ParOldGen       total 56320K, used 19986K [0x00000000c2600000, 0x00000000c5d00000, 0x00000000eb780000)
  object space 56320K, 35% used [0x00000000c2600000,0x00000000c3984990,0x00000000c5d00000)
 Metaspace       used 59400K, capacity 62826K, committed 62976K, reserved 1103872K
  class space    used 7824K, capacity 8441K, committed 8448K, reserved 1048576K
}
Event: 24674,581 GC heap before
{Heap before GC invocations=23 (full 5):
 PSYoungGen      total 318464K, used 303168K [0x00000000eb780000, 0x00000000fff00000, 0x0000000100000000)
  eden space 303104K, 100% used [0x00000000eb780000,0x00000000fdf80000,0x00000000fdf80000)
  from space 15360K, 0% used [0x00000000fdf80000,0x00000000fdf90000,0x00000000fee80000)
  to   space 15360K, 0% used [0x00000000ff000000,0x00000000ff000000,0x00000000fff00000)
 ParOldGen       total 56320K, used 19986K [0x00000000c2600000, 0x00000000c5d00000, 0x00000000eb780000)
  object space 56320K, 35% used [0x00000000c2600000,0x00000000c3984990,0x00000000c5d00000)
 Metaspace       used 59452K, capacity 62890K, committed 62976K, reserved 1103872K
  class space    used 7824K, capacity 8441K, committed 8448K, reserved 1048576K
Event: 24674,601 GC heap after
Heap after GC invocations=23 (full 5):
 PSYoungGen      total 320512K, used 96K [0x00000000eb780000, 0x00000000fff00000, 0x0000000100000000)
  eden space 305152K, 0% used [0x00000000eb780000,0x00000000eb780000,0x00000000fe180000)
  from space 15360K, 0% used [0x00000000ff000000,0x00000000ff018000,0x00000000fff00000)
  to   space 14848K, 0% used [0x00000000fe180000,0x00000000fe180000,0x00000000ff000000)
 ParOldGen       total 56320K, used 19994K [0x00000000c2600000, 0x00000000c5d00000, 0x00000000eb780000)
  object space 56320K, 35% used [0x00000000c2600000,0x00000000c3986990,0x00000000c5d00000)
 Metaspace       used 59452K, capacity 62890K, committed 62976K, reserved 1103872K
  class space    used 7824K, capacity 8441K, committed 8448K, reserved 1048576K
}

Deoptimization events (10 events):
Event: 10162,956 Thread 0x00007f2ee805a800 Uncommon trap: reason=unstable_if action=reinterpret pc=0x00007f2f2d4281d8 method=java.nio.channels.spi.AbstractSelector.begin()V @ 4
Event: 10163,532 Thread 0x00007f2ee8062000 Uncommon trap: reason=unstable_if action=reinterpret pc=0x00007f2f2d6b7018 method=java.util.HashMap.keySet()Ljava/util/Set; @ 6
Event: 10163,960 Thread 0x00007f2ee80a2000 Uncommon trap: reason=unstable_if action=reinterpret pc=0x00007f2f2d7593f8 method=org.apache.tomcat.util.net.NioEndpoint$Poller.timeout(IZ)V @ 10
Event: 10655,063 Thread 0x00007f2ee8062000 Uncommon trap: reason=unstable_if action=reinterpret pc=0x00007f2f2d2740d8 method=java.util.AbstractCollection.containsAll(Ljava/util/Collection;)Z @ 28
Event: 10655,770 Thread 0x00007f2ee80a2000 Uncommon trap: reason=unstable_if action=reinterpret pc=0x00007f2f2d8d49d0 method=java.util.concurrent.locks.AbstractQueuedSynchronizer.doReleaseShared()V @ 6
Event: 10656,790 Thread 0x00007f2f101be000 Uncommon trap: reason=class_check action=maybe_recompile pc=0x00007f2f2d8447d8 method=java.lang.reflect.Method.equals(Ljava/lang/Object;)Z @ 5
Event: 10656,798 Thread 0x00007f2f101be000 Uncommon trap: reason=unstable_if action=reinterpret pc=0x00007f2f2d3f7878 method=java.util.HashMap.putVal(ILjava/lang/Object;Ljava/lang/Object;ZZ)Ljava/lang/Object; @ 109
Event: 10896,650 Thread 0x00007f2ef8068800 Uncommon trap: reason=null_check action=make_not_entrant pc=0x00007f2f2dbac148 method=java.util.jar.JarFile.getManifestFromReference()Ljava/util/jar/Manifest; @ 14
Event: 11776,526 Thread 0x00007f2ef8093800 Uncommon trap: reason=unstable_if action=reinterpret pc=0x00007f2f2d21c164 method=org.apache.tomcat.util.collections.SynchronizedQueue.size()I @ 11
Event: 27128,045 Thread 0x00007f2ef805e000 Uncommon trap: reason=unstable_if action=reinterpret pc=0x00007f2f2df10b80 method=java.util.concurrent.ScheduledThreadPoolExecutor$DelayedWorkQueue.take()Ljava/util/concurrent/RunnableScheduledFuture; @ 59

Classes redefined (0 events):
No events

Internal exceptions (10 events):
Event: 10656,519 Thread 0x00007f2f101be000 Exception <a 'java/lang/NullPointerException'> (0x00000000f15470b0) thrown at [/build/openjdk-8-8u242-b08/src/hotspot/src/share/vm/runtime/sharedRuntime.cpp, line 605]
Event: 10656,519 Thread 0x00007f2f101be000 Implicit null exception at 0x00007f2f2d574afd to 0x00007f2f2d574d58
Event: 10656,519 Thread 0x00007f2f101be000 Exception <a 'java/lang/NullPointerException'> (0x00000000f1547ed8) thrown at [/build/openjdk-8-8u242-b08/src/hotspot/src/share/vm/runtime/sharedRuntime.cpp, line 605]
Event: 10656,519 Thread 0x00007f2f101be000 Implicit null exception at 0x00007f2f2d574afd to 0x00007f2f2d574d58
Event: 10656,519 Thread 0x00007f2f101be000 Exception <a 'java/lang/NullPointerException'> (0x00000000f1548d50) thrown at [/build/openjdk-8-8u242-b08/src/hotspot/src/share/vm/runtime/sharedRuntime.cpp, line 605]
Event: 10656,545 Thread 0x00007f2f101be000 Exception <a 'java/io/FileNotFoundException'> (0x00000000f1718048) thrown at [/build/openjdk-8-8u242-b08/src/hotspot/src/share/vm/prims/jni.cpp, line 710]
Event: 10656,722 Thread 0x00007f2f101be000 Exception <a 'java/lang/ClassNotFoundException': java/lang/ObjectCustomizer> (0x00000000f21dab00) thrown at [/build/openjdk-8-8u242-b08/src/hotspot/src/share/vm/classfile/systemDictionary.cpp, line 210]
Event: 10656,723 Thread 0x00007f2f101be000 Exception <a 'java/lang/ClassNotFoundException': com/in28minutes/springboot/microservice/example/forex/springbootmicroserviceforexservice/ExchangeValueCustomizer> (0x00000000f22056e0) thrown at [/build/openjdk-8-8u242-b08/src/hotspot/src/share/vm/classfil
Event: 10656,759 Thread 0x00007f2f101be000 Exception <a 'java/lang/reflect/InvocationTargetException'> (0x00000000f25f9eb0) thrown at [/build/openjdk-8-8u242-b08/src/hotspot/src/share/vm/runtime/reflection.cpp, line 1092]
Event: 10896,650 Thread 0x00007f2ef8068800 Implicit null exception at 0x00007f2f2dba4d5a to 0x00007f2f2dbac125

Events (10 events):
Event: 28401,962 Executing VM operation: RevokeBias
Event: 28401,969 Executing VM operation: RevokeBias done
Event: 28401,971 Executing VM operation: RevokeBias
Event: 28401,972 Executing VM operation: RevokeBias done
Event: 28406,959 Executing VM operation: RevokeBias
Event: 28407,250 Executing VM operation: RevokeBias done
Event: 28407,255 Thread 0x00007f2ef0ade000 Thread exited: 0x00007f2ef0ade000
Event: 28407,255 Thread 0x00007f2ef10c6000 Thread exited: 0x00007f2ef10c6000
Event: 28419,649 Thread 0x00007f2ef10c6000 Thread added: 0x00007f2ef10c6000
Event: 28419,651 Thread 0x00007f2ef0ade000 Thread added: 0x00007f2ef0ade000


Dynamic libraries:
c2600000-c5d00000 rw-p 00000000 00:00 0 
c5d00000-eb780000 ---p 00000000 00:00 0 
eb780000-fff00000 rw-p 00000000 00:00 0 
fff00000-100000000 ---p 00000000 00:00 0 
100000000-100840000 rw-p 00000000 00:00 0 
100840000-140000000 ---p 00000000 00:00 0 
55cf8d477000-55cf8d478000 r-xp 00000000 08:01 797070                     /usr/lib/jvm/java-8-openjdk-amd64/jre/bin/java
55cf8d677000-55cf8d678000 r--p 00000000 08:01 797070                     /usr/lib/jvm/java-8-openjdk-amd64/jre/bin/java
55cf8d678000-55cf8d679000 rw-p 00001000 08:01 797070                     /usr/lib/jvm/java-8-openjdk-amd64/jre/bin/java
55cf8ed32000-55cf8ed53000 rw-p 00000000 00:00 0                          [heap]
7f2ee8000000-7f2ee80a6000 rw-p 00000000 00:00 0 
7f2ee80a6000-7f2eec000000 ---p 00000000 00:00 0 
7f2eeebf2000-7f2eeebf5000 ---p 00000000 00:00 0 
7f2eeebf5000-7f2eeecf3000 rw-p 00000000 00:00 0 
7f2eeecf3000-7f2eeee33000 rw-p 00000000 00:00 0 
7f2eeee33000-7f2eeeef3000 ---p 00000000 00:00 0 
7f2eeeef3000-7f2eef0f3000 rw-p 00000000 00:00 0 
7f2eef0f3000-7f2eef2f3000 rw-p 00000000 00:00 0 
7f2eef2f3000-7f2eef2f6000 ---p 00000000 00:00 0 
7f2eef2f6000-7f2eef3f4000 rw-p 00000000 00:00 0 
7f2eef3f4000-7f2eef3f7000 ---p 00000000 00:00 0 
7f2eef3f7000-7f2eef4f5000 rw-p 00000000 00:00 0 
7f2eef4f5000-7f2eef4f8000 ---p 00000000 00:00 0 
7f2eef4f8000-7f2eef5f6000 rw-p 00000000 00:00 0 
7f2eef5f9000-7f2eef6f7000 rw-p 00000000 00:00 0 
7f2eef6f7000-7f2eef6fa000 ---p 00000000 00:00 0 
7f2eef6fa000-7f2eef7f8000 rw-p 00000000 00:00 0 
7f2eef7f8000-7f2eef7fb000 ---p 00000000 00:00 0 
7f2eef7fb000-7f2eef8f9000 rw-p 00000000 00:00 0 
7f2eef8f9000-7f2eef8fc000 ---p 00000000 00:00 0 
7f2eef8fc000-7f2eef9fa000 rw-p 00000000 00:00 0 
7f2eef9fa000-7f2eef9fd000 ---p 00000000 00:00 0 
7f2eef9fd000-7f2eefafb000 rw-p 00000000 00:00 0 
7f2eefafb000-7f2eefafe000 ---p 00000000 00:00 0 
7f2eefafe000-7f2eefbfc000 rw-p 00000000 00:00 0 
7f2eefbff000-7f2eefcfd000 rw-p 00000000 00:00 0 
7f2eefcfd000-7f2eefd00000 ---p 00000000 00:00 0 
7f2eefd00000-7f2eefdfe000 rw-p 00000000 00:00 0 
7f2eefdfe000-7f2eefe01000 ---p 00000000 00:00 0 
7f2eefe01000-7f2eefeff000 rw-p 00000000 00:00 0 
7f2eefeff000-7f2eeff02000 ---p 00000000 00:00 0 
7f2eeff02000-7f2ef0000000 rw-p 00000000 00:00 0 
7f2ef0000000-7f2ef145f000 rw-p 00000000 00:00 0 
7f2ef145f000-7f2ef4000000 ---p 00000000 00:00 0 
7f2ef4000000-7f2ef439d000 rw-p 00000000 00:00 0 
7f2ef439d000-7f2ef8000000 ---p 00000000 00:00 0 
7f2ef8000000-7f2ef80ca000 rw-p 00000000 00:00 0 
7f2ef80ca000-7f2efc000000 ---p 00000000 00:00 0 
7f2efc000000-7f2efc439000 rw-p 00000000 00:00 0 
7f2efc439000-7f2f00000000 ---p 00000000 00:00 0 
7f2f000fe000-7f2f00101000 ---p 00000000 00:00 0 
7f2f00101000-7f2f001ff000 rw-p 00000000 00:00 0 
7f2f001ff000-7f2f003ff000 rw-p 00000000 00:00 0 
7f2f003ff000-7f2f005ff000 rw-p 00000000 00:00 0 
7f2f005ff000-7f2f007ff000 rw-p 00000000 00:00 0 
7f2f007ff000-7f2f009ff000 rw-p 00000000 00:00 0 
7f2f009ff000-7f2f00bff000 rw-p 00000000 00:00 0 
7f2f00bff000-7f2f00dff000 rw-p 00000000 00:00 0 
7f2f00dff000-7f2f00fff000 rw-p 00000000 00:00 0 
7f2f00fff000-7f2f04000000 rw-p 00000000 00:00 0 
7f2f04000000-7f2f04d7e000 rw-p 00000000 00:00 0 
7f2f04d7e000-7f2f08000000 ---p 00000000 00:00 0 
7f2f08000000-7f2f08021000 rw-p 00000000 00:00 0 
7f2f08021000-7f2f0c000000 ---p 00000000 00:00 0 
7f2f0c000000-7f2f0c021000 rw-p 00000000 00:00 0 
7f2f0c021000-7f2f10000000 ---p 00000000 00:00 0 
7f2f10000000-7f2f11e0a000 rw-p 00000000 00:00 0 
7f2f11e0a000-7f2f14000000 ---p 00000000 00:00 0 
7f2f14000000-7f2f14021000 rw-p 00000000 00:00 0 
7f2f14021000-7f2f18000000 ---p 00000000 00:00 0 
7f2f18000000-7f2f18021000 rw-p 00000000 00:00 0 
7f2f18021000-7f2f1c000000 ---p 00000000 00:00 0 
7f2f1c000000-7f2f1c023000 rw-p 00000000 00:00 0 
7f2f1c023000-7f2f20000000 ---p 00000000 00:00 0 
7f2f20000000-7f2f2005b000 rw-p 00000000 00:00 0 
7f2f2005b000-7f2f24000000 ---p 00000000 00:00 0 
7f2f24000000-7f2f24046000 rw-p 00000000 00:00 0 
7f2f24046000-7f2f28000000 ---p 00000000 00:00 0 
7f2f28011000-7f2f28211000 rw-p 00000000 00:00 0 
7f2f28211000-7f2f28214000 ---p 00000000 00:00 0 
7f2f28214000-7f2f28312000 rw-p 00000000 00:00 0 
7f2f28312000-7f2f28315000 ---p 00000000 00:00 0 
7f2f28315000-7f2f28413000 rw-p 00000000 00:00 0 
7f2f28413000-7f2f28416000 ---p 00000000 00:00 0 
7f2f28416000-7f2f28514000 rw-p 00000000 00:00 0 
7f2f28514000-7f2f28517000 ---p 00000000 00:00 0 
7f2f28517000-7f2f28615000 rw-p 00000000 00:00 0 
7f2f28615000-7f2f28815000 rw-p 00000000 00:00 0 
7f2f28815000-7f2f28a15000 rw-p 00000000 00:00 0 
7f2f28a15000-7f2f28c15000 rw-p 00000000 00:00 0 
7f2f28c15000-7f2f28e15000 rw-p 00000000 00:00 0 
7f2f28e15000-7f2f29015000 rw-p 00000000 00:00 0 
7f2f29025000-7f2f2902a000 r--s 000a3000 08:01 932362                     /usr/lib/jvm/java-8-openjdk-amd64/jre/lib/jsse.jar
7f2f2902a000-7f2f2922a000 rw-p 00000000 00:00 0 
7f2f2922a000-7f2f2942a000 rw-p 00000000 00:00 0 
7f2f2942a000-7f2f2962a000 rw-p 00000000 00:00 0 
7f2f2962a000-7f2f2982a000 rw-p 00000000 00:00 0 
7f2f2982a000-7f2f29a2a000 rw-p 00000000 00:00 0 
7f2f29a2a000-7f2f29a33000 r-xp 00000000 08:01 932320                     /usr/lib/jvm/java-8-openjdk-amd64/jre/lib/amd64/libmanagement.so
7f2f29a33000-7f2f29c32000 ---p 00009000 08:01 932320                     /usr/lib/jvm/java-8-openjdk-amd64/jre/lib/amd64/libmanagement.so
7f2f29c32000-7f2f29c33000 r--p 00008000 08:01 932320                     /usr/lib/jvm/java-8-openjdk-amd64/jre/lib/amd64/libmanagement.so
7f2f29c33000-7f2f29c34000 rw-p 00009000 08:01 932320                     /usr/lib/jvm/java-8-openjdk-amd64/jre/lib/amd64/libmanagement.so
7f2f29c34000-7f2f29e34000 rw-p 00000000 00:00 0 
7f2f29e34000-7f2f2a034000 rw-p 00000000 00:00 0 
7f2f2a034000-7f2f2a037000 ---p 00000000 00:00 0 
7f2f2a037000-7f2f2a135000 rw-p 00000000 00:00 0 
7f2f2a135000-7f2f2a138000 ---p 00000000 00:00 0 
7f2f2a138000-7f2f2a236000 rw-p 00000000 00:00 0 
7f2f2a236000-7f2f2a239000 ---p 00000000 00:00 0 
7f2f2a239000-7f2f2a337000 rw-p 00000000 00:00 0 
7f2f2a337000-7f2f2a33e000 r--s 00000000 08:01 416743                     /usr/lib/x86_64-linux-gnu/gconv/gconv-modules.cache
7f2f2a33e000-7f2f2a34d000 r--p 00000000 08:01 398825                     /usr/share/locale/pt_BR/LC_MESSAGES/libc.mo
7f2f2a34d000-7f2f2a34e000 r--s 00005000 08:01 1712379                    /home/gustavo/.m2/repository/org/springframework/spring-jcl/5.2.4.RELEASE/spring-jcl-5.2.4.RELEASE.jar
7f2f2a34e000-7f2f2a36a000 r--s 00145000 08:01 1712377                    /home/gustavo/.m2/repository/org/springframework/spring-core/5.2.4.RELEASE/spring-core-5.2.4.RELEASE.jar
7f2f2a36a000-7f2f2a36e000 r--s 00019000 08:01 1835547                    /home/gustavo/.m2/repository/jakarta/xml/bind/jakarta.xml.bind-api/2.3.2/jakarta.xml.bind-api-2.3.2.jar
7f2f2a36e000-7f2f2a383000 r--s 0021e000 08:01 1835531                    /home/gustavo/.m2/repository/com/h2database/h2/1.4.200/h2-1.4.200.jar
7f2f2a383000-7f2f2a3ab000 r--s 0012c000 08:01 1712373                    /home/gustavo/.m2/repository/org/springframework/boot/spring-boot-autoconfigure/2.2.5.RELEASE/spring-boot-autoconfigure-2.2.5.RELEASE.jar
7f2f2a3ab000-7f2f2a3c2000 r--s 000e9000 08:01 1712371                    /home/gustavo/.m2/repository/org/springframework/boot/spring-boot/2.2.5.RELEASE/spring-boot-2.2.5.RELEASE.jar
7f2f2a3c2000-7f2f2a3c8000 r--s 00030000 08:01 1835529                    /home/gustavo/.m2/repository/org/springframework/boot/spring-boot-devtools/2.2.5.RELEASE/spring-boot-devtools-2.2.5.RELEASE.jar
7f2f2a3c8000-7f2f2a3cd000 r--s 00040000 08:01 1712369                    /home/gustavo/.m2/repository/org/springframework/spring-expression/5.2.4.RELEASE/spring-expression-5.2.4.RELEASE.jar
7f2f2a3cd000-7f2f2a3df000 r--s 000d6000 08:01 1835527                    /home/gustavo/.m2/repository/org/springframework/spring-webmvc/5.2.4.RELEASE/spring-webmvc-5.2.4.RELEASE.jar
7f2f2a3df000-7f2f2a3fc000 r--s 00142000 08:01 1835525                    /home/gustavo/.m2/repository/org/springframework/spring-web/5.2.4.RELEASE/spring-web-5.2.4.RELEASE.jar
7f2f2a3fc000-7f2f2a419000 r--s 000fe000 08:01 1835523                    /home/gustavo/.m2/repository/org/hibernate/validator/hibernate-validator/6.0.18.Final/hibernate-validator-6.0.18.Final.jar
7f2f2a419000-7f2f2a41e000 r--s 00012000 08:01 1835521                    /home/gustavo/.m2/repository/jakarta/validation/jakarta.validation-api/2.0.2/jakarta.validation-api-2.0.2.jar
7f2f2a41e000-7f2f2a41f000 r--s 00000000 08:01 1835519                    /home/gustavo/.m2/repository/org/springframework/boot/spring-boot-starter-validation/2.2.5.RELEASE/spring-boot-starter-validation-2.2.5.RELEASE.jar
7f2f2a41f000-7f2f2a424000 r--s 0003c000 08:01 1835517                    /home/gustavo/.m2/repository/org/apache/tomcat/embed/tomcat-embed-websocket/9.0.31/tomcat-embed-websocket-9.0.31.jar
7f2f2a424000-7f2f2a428000 r--s 0003a000 08:01 1835515                    /home/gustavo/.m2/repository/org/apache/tomcat/embed/tomcat-embed-el/9.0.31/tomcat-embed-el-9.0.31.jar
7f2f2a428000-7f2f2a453000 r--s 00304000 08:01 1835513                    /home/gustavo/.m2/repository/org/apache/tomcat/embed/tomcat-embed-core/9.0.31/tomcat-embed-core-9.0.31.jar
7f2f2a453000-7f2f2a454000 r--s 00000000 08:01 1835511                    /home/gustavo/.m2/repository/org/springframework/boot/spring-boot-starter-tomcat/2.2.5.RELEASE/spring-boot-starter-tomcat-2.2.5.RELEASE.jar
7f2f2a454000-7f2f2a456000 r--s 00001000 08:01 1835509                    /home/gustavo/.m2/repository/com/fasterxml/jackson/module/jackson-module-parameter-names/2.10.2/jackson-module-parameter-names-2.10.2.jar
7f2f2a456000-7f2f2a459000 r--s 00017000 08:01 1835507                    /home/gustavo/.m2/repository/com/fasterxml/jackson/datatype/jackson-datatype-jsr310/2.10.2/jackson-datatype-jsr310-2.10.2.jar
7f2f2a459000-7f2f2a45b000 r--s 00007000 08:01 1835505                    /home/gustavo/.m2/repository/com/fasterxml/jackson/datatype/jackson-datatype-jdk8/2.10.2/jackson-datatype-jdk8-2.10.2.jar
7f2f2a45b000-7f2f2a460000 r--s 00051000 08:01 1835503                    /home/gustavo/.m2/repository/com/fasterxml/jackson/core/jackson-core/2.10.2/jackson-core-2.10.2.jar
7f2f2a460000-7f2f2a463000 r--s 0000e000 08:01 1835501                    /home/gustavo/.m2/repository/com/fasterxml/jackson/core/jackson-annotations/2.10.2/jackson-annotations-2.10.2.jar
7f2f2a463000-7f2f2a478000 r--s 00142000 08:01 1835499                    /home/gustavo/.m2/repository/com/fasterxml/jackson/core/jackson-databind/2.10.2/jackson-databind-2.10.2.jar
7f2f2a478000-7f2f2a479000 r--s 00000000 08:01 1835497                    /home/gustavo/.m2/repository/org/springframework/boot/spring-boot-starter-json/2.2.5.RELEASE/spring-boot-starter-json-2.2.5.RELEASE.jar
7f2f2a479000-7f2f2a480000 r--s 00044000 08:01 1712367                    /home/gustavo/.m2/repository/org/yaml/snakeyaml/1.25/snakeyaml-1.25.jar
7f2f2a480000-7f2f2a482000 r--s 00005000 08:01 1712365                    /home/gustavo/.m2/repository/jakarta/annotation/jakarta.annotation-api/1.3.5/jakarta.annotation-api-1.3.5.jar
7f2f2a482000-7f2f2a484000 r--s 00000000 08:01 1712363                    /home/gustavo/.m2/repository/org/slf4j/jul-to-slf4j/1.7.30/jul-to-slf4j-1.7.30.jar
7f2f2a484000-7f2f2a48a000 r--s 0003e000 08:01 1712361                    /home/gustavo/.m2/repository/org/apache/logging/log4j/log4j-api/2.12.1/log4j-api-2.12.1.jar
7f2f2a48a000-7f2f2a48c000 r--s 00003000 08:01 1712359                    /home/gustavo/.m2/repository/org/apache/logging/log4j/log4j-to-slf4j/2.12.1/log4j-to-slf4j-2.12.1.jar
7f2f2a48c000-7f2f2a497000 r--s 00069000 08:01 1712357                    /home/gustavo/.m2/repository/ch/qos/logback/logback-core/1.2.3/logback-core-1.2.3.jar
7f2f2a497000-7f2f2a49d000 r--s 00041000 08:01 1712355                    /home/gustavo/.m2/repository/ch/qos/logback/logback-classic/1.2.3/logback-classic-1.2.3.jar
7f2f2a49d000-7f2f2a49e000 r--s 00000000 08:01 1712353                    /home/gustavo/.m2/repository/org/springframework/boot/spring-boot-starter-logging/2.2.5.RELEASE/spring-boot-starter-logging-2.2.5.RELEASE.jar
7f2f2a49e000-7f2f2a49f000 r--s 00000000 08:01 1712351                    /home/gustavo/.m2/repository/org/springframework/boot/spring-boot-starter/2.2.5.RELEASE/spring-boot-starter-2.2.5.RELEASE.jar
7f2f2a49f000-7f2f2a4a0000 r--s 00000000 08:01 1835495                    /home/gustavo/.m2/repository/org/springframework/boot/spring-boot-starter-web/2.2.5.RELEASE/spring-boot-starter-web-2.2.5.RELEASE.jar
7f2f2a4a0000-7f2f2a4a2000 r--s 0000a000 08:01 1835493                    /home/gustavo/.m2/repository/org/springframework/spring-aspects/5.2.4.RELEASE/spring-aspects-5.2.4.RELEASE.jar
7f2f2a4a2000-7f2f2a4a4000 r--s 00009000 08:01 1712349                    /home/gustavo/.m2/repository/org/slf4j/slf4j-api/1.7.30/slf4j-api-1.7.30.jar
7f2f2a4a4000-7f2f2a4b1000 r--s 0009b000 08:01 1712347                    /home/gustavo/.m2/repository/org/springframework/spring-beans/5.2.4.RELEASE/spring-beans-5.2.4.RELEASE.jar
7f2f2a4b1000-7f2f2a4ba000 r--s 00044000 08:01 1712345                    /home/gustavo/.m2/repository/org/springframework/spring-tx/5.2.4.RELEASE/spring-tx-5.2.4.RELEASE.jar
7f2f2a4ba000-7f2f2a4d6000 r--s 0010f000 08:01 1712343                    /home/gustavo/.m2/repository/org/springframework/spring-context/5.2.4.RELEASE/spring-context-5.2.4.RELEASE.jar
7f2f2a4d6000-7f2f2a4db000 r--s 0002d000 08:01 1835491                    /home/gustavo/.m2/repository/org/springframework/spring-orm/5.2.4.RELEASE/spring-orm-5.2.4.RELEASE.jar
7f2f2a4db000-7f2f2a4f4000 r--s 00110000 08:01 1835489                    /home/gustavo/.m2/repository/org/springframework/data/spring-data-commons/2.2.5.RELEASE/spring-data-commons-2.2.5.RELEASE.jar
7f2f2a4f4000-7f2f2a4fc000 r--s 00052000 08:01 1835487                    /home/gustavo/.m2/repository/org/springframework/data/spring-data-jpa/2.2.5.RELEASE/spring-data-jpa-2.2.5.RELEASE.jar
7f2f2a4fc000-7f2f2a501000 r--s 00049000 08:01 1835485                    /home/gustavo/.m2/repository/com/sun/xml/fastinfoset/FastInfoset/1.2.16/FastInfoset-1.2.16.jar
7f2f2a501000-7f2f2a503000 r--s 00008000 08:01 1835483                    /home/gustavo/.m2/repository/org/jvnet/staxex/stax-ex/1.8.1/stax-ex-1.8.1.jar
7f2f2a503000-7f2f2a505000 r--s 00005000 08:01 1835481                    /home/gustavo/.m2/repository/com/sun/istack/istack-commons-runtime/3.0.8/istack-commons-runtime-3.0.8.jar
7f2f2a505000-7f2f2a507000 r--s 00010000 08:01 1835479                    /home/gustavo/.m2/repository/org/glassfish/jaxb/txw2/2.3.2/txw2-2.3.2.jar
7f2f2a507000-7f2f2a51c000 r--s 000e3000 08:01 1835477                    /home/gustavo/.m2/repository/org/glassfish/jaxb/jaxb-runtime/2.3.2/jaxb-runtime-2.3.2.jar
7f2f2a51c000-7f2f2a51f000 r--s 00010000 08:01 1835475                    /home/gustavo/.m2/repository/org/hibernate/common/hibernate-commons-annotations/5.1.0.Final/hibernate-commons-annotations-5.1.0.Final.jar
7f2f2a51f000-7f2f2a524000 r--s 0004b000 08:01 1835473                    /home/gustavo/.m2/repository/org/dom4j/dom4j/2.1.1/dom4j-2.1.1.jar
7f2f2a524000-7f2f2a526000 r--s 0000f000 08:01 1835471                    /home/gustavo/.m2/repository/com/fasterxml/classmate/1.5.1/classmate-1.5.1.jar
7f2f2a526000-7f2f2a529000 r--s 0002d000 08:01 1835469                    /home/gustavo/.m2/repository/org/jboss/jandex/2.1.1.Final/jandex-2.1.1.Final.jar
7f2f2a529000-7f2f2a52e000 r--s 00068000 08:01 1835467                    /home/gustavo/.m2/repository/antlr/antlr/2.7.7/antlr-2.7.7.jar
7f2f2a52e000-7f2f2a576000 r--s 002eb000 08:01 1712341                    /home/gustavo/.m2/repository/net/bytebuddy/byte-buddy/1.10.8/byte-buddy-1.10.8.jar
7f2f2a576000-7f2f2a580000 r--s 000b4000 08:01 1712339                    /home/gustavo/.m2/repository/org/javassist/javassist/3.24.0-GA/javassist-3.24.0-GA.jar
7f2f2a580000-7f2f2a582000 r--s 0000d000 08:01 1712337                    /home/gustavo/.m2/repository/org/jboss/logging/jboss-logging/3.4.1.Final/jboss-logging-3.4.1.Final.jar
7f2f2a582000-7f2f2a608000 r--s 00653000 08:01 1712333                    /home/gustavo/.m2/repository/org/hibernate/hibernate-core/5.4.12.Final/hibernate-core-5.4.12.Final.jar
7f2f2a608000-7f2f2a60e000 r--s 00023000 08:01 1712329                    /home/gustavo/.m2/repository/jakarta/persistence/jakarta.persistence-api/2.2.3/jakarta.persistence-api-2.2.3.jar
7f2f2a60e000-7f2f2a610000 r--s 0000a000 08:01 1712327                    /home/gustavo/.m2/repository/jakarta/activation/jakarta.activation-api/1.2.2/jakarta.activation-api-1.2.2.jar
7f2f2a610000-7f2f2a61a000 r--s 0005a000 08:01 1712325                    /home/gustavo/.m2/repository/org/springframework/spring-jdbc/5.2.4.RELEASE/spring-jdbc-5.2.4.RELEASE.jar
7f2f2a61a000-7f2f2a61d000 r--s 00023000 08:01 1712323                    /home/gustavo/.m2/repository/com/zaxxer/HikariCP/3.4.2/HikariCP-3.4.2.jar
7f2f2a61d000-7f2f2a636000 r--s 001da000 08:01 1712319                    /home/gustavo/.m2/repository/org/aspectj/aspectjweaver/1.9.5/aspectjweaver-1.9.5.jar
7f2f2a636000-7f2f2a640000 r--s 00052000 08:01 1712317                    /home/gustavo/.m2/repository/org/springframework/spring-aop/5.2.4.RELEASE/spring-aop-5.2.4.RELEASE.jar
7f2f2a640000-7f2f2a657000 r-xp 00000000 08:01 932322                     /usr/lib/jvm/java-8-openjdk-amd64/jre/lib/amd64/libnet.so
7f2f2a657000-7f2f2a856000 ---p 00017000 08:01 932322                     /usr/lib/jvm/java-8-openjdk-amd64/jre/lib/amd64/libnet.so
7f2f2a856000-7f2f2a857000 r--p 00016000 08:01 932322                     /usr/lib/jvm/java-8-openjdk-amd64/jre/lib/amd64/libnet.so
7f2f2a857000-7f2f2a858000 rw-p 00017000 08:01 932322                     /usr/lib/jvm/java-8-openjdk-amd64/jre/lib/amd64/libnet.so
7f2f2a858000-7f2f2a869000 r-xp 00000000 08:01 932323                     /usr/lib/jvm/java-8-openjdk-amd64/jre/lib/amd64/libnio.so
7f2f2a869000-7f2f2aa69000 ---p 00011000 08:01 932323                     /usr/lib/jvm/java-8-openjdk-amd64/jre/lib/amd64/libnio.so
7f2f2aa69000-7f2f2aa6a000 r--p 00011000 08:01 932323                     /usr/lib/jvm/java-8-openjdk-amd64/jre/lib/amd64/libnio.so
7f2f2aa6a000-7f2f2aa6b000 rw-p 00012000 08:01 932323                     /usr/lib/jvm/java-8-openjdk-amd64/jre/lib/amd64/libnio.so
7f2f2aa6b000-7f2f2aa86000 r--s 00394000 08:01 932341                     /usr/lib/jvm/java-8-openjdk-amd64/jre/lib/ext/cldrdata.jar
7f2f2aa86000-7f2f2aa90000 r--s 00116000 08:01 932345                     /usr/lib/jvm/java-8-openjdk-amd64/jre/lib/ext/localedata.jar
7f2f2aa90000-7f2f2aa91000 ---p 00000000 00:00 0 
7f2f2aa91000-7f2f2ab91000 rw-p 00000000 00:00 0 
7f2f2ab91000-7f2f2ab94000 ---p 00000000 00:00 0 
7f2f2ab94000-7f2f2ac92000 rw-p 00000000 00:00 0 
7f2f2ac92000-7f2f2ac93000 ---p 00000000 00:00 0 
7f2f2ac93000-7f2f2ac96000 ---p 00000000 00:00 0 
7f2f2ac96000-7f2f2ad93000 rw-p 00000000 00:00 0 
7f2f2ad93000-7f2f2ad94000 ---p 00000000 00:00 0 
7f2f2ad94000-7f2f2ad97000 ---p 00000000 00:00 0 
7f2f2ad97000-7f2f2ae94000 rw-p 00000000 00:00 0 
7f2f2ae94000-7f2f2ae97000 ---p 00000000 00:00 0 
7f2f2ae97000-7f2f2af95000 rw-p 00000000 00:00 0 
7f2f2af95000-7f2f2b130000 r--p 00000000 08:01 394861                     /usr/lib/locale/locale-archive
7f2f2b130000-7f2f2d000000 rw-p 00000000 00:00 0 
7f2f2d000000-7f2f2df80000 rwxp 00000000 00:00 0 
7f2f2df80000-7f2f3c000000 ---p 00000000 00:00 0 
7f2f3c000000-7f2f3c680000 rw-p 00000000 00:00 0 
7f2f3c680000-7f2f40000000 ---p 00000000 00:00 0 
7f2f40000000-7f2f40001000 r--s 00003000 08:01 1712331                    /home/gustavo/.m2/repository/jakarta/transaction/jakarta.transaction-api/1.3.3/jakarta.transaction-api-1.3.3.jar
7f2f40001000-7f2f40002000 r--s 00000000 08:01 1712321                    /home/gustavo/.m2/repository/org/springframework/boot/spring-boot-starter-jdbc/2.2.5.RELEASE/spring-boot-starter-jdbc-2.2.5.RELEASE.jar
7f2f40002000-7f2f40004000 r--s 00001000 08:01 932342                     /usr/lib/jvm/java-8-openjdk-amd64/jre/lib/ext/dnsns.jar
7f2f40004000-7f2f40007000 r--s 0000f000 08:01 932343                     /usr/lib/jvm/java-8-openjdk-amd64/jre/lib/ext/icedtea-sound.jar
7f2f40007000-7f2f4000b000 r--s 0003a000 08:01 932349                     /usr/lib/jvm/java-8-openjdk-amd64/jre/lib/ext/sunpkcs11.jar
7f2f4000b000-7f2f40026000 r--s 001d6000 08:01 932346                     /usr/lib/jvm/java-8-openjdk-amd64/jre/lib/ext/nashorn.jar
7f2f40026000-7f2f40029000 ---p 00000000 00:00 0 
7f2f40029000-7f2f40127000 rw-p 00000000 00:00 0 
7f2f40127000-7f2f4012a000 ---p 00000000 00:00 0 
7f2f4012a000-7f2f40228000 rw-p 00000000 00:00 0 
7f2f40228000-7f2f40229000 ---p 00000000 00:00 0 
7f2f40229000-7f2f40c95000 rw-p 00000000 00:00 0 
7f2f40c95000-7f2f40e65000 r--s 03c68000 08:01 932367                     /usr/lib/jvm/java-8-openjdk-amd64/jre/lib/rt.jar
7f2f40e65000-7f2f40edb000 rw-p 00000000 00:00 0 
7f2f40edb000-7f2f418c8000 rw-p 00000000 00:00 0 
7f2f418c8000-7f2f418c9000 ---p 00000000 00:00 0 
7f2f418c9000-7f2f419c9000 rw-p 00000000 00:00 0 
7f2f419c9000-7f2f419ca000 ---p 00000000 00:00 0 
7f2f419ca000-7f2f41aca000 rw-p 00000000 00:00 0 
7f2f41aca000-7f2f41ae6000 rw-p 00000000 00:00 0 
7f2f41ae6000-7f2f41c13000 ---p 00000000 00:00 0 
7f2f41c13000-7f2f41c2f000 rw-p 00000000 00:00 0 
7f2f41c2f000-7f2f41d5b000 ---p 00000000 00:00 0 
7f2f41d5b000-7f2f41e00000 rw-p 00000000 00:00 0 
7f2f41e00000-7f2f41e3f000 rw-p 00000000 00:00 0 
7f2f41e3f000-7f2f421c1000 ---p 00000000 00:00 0 
7f2f421c1000-7f2f421c9000 r-xp 00000000 08:01 932330                     /usr/lib/jvm/java-8-openjdk-amd64/jre/lib/amd64/libzip.so
7f2f421c9000-7f2f423c8000 ---p 00008000 08:01 932330                     /usr/lib/jvm/java-8-openjdk-amd64/jre/lib/amd64/libzip.so
7f2f423c8000-7f2f423c9000 r--p 00007000 08:01 932330                     /usr/lib/jvm/java-8-openjdk-amd64/jre/lib/amd64/libzip.so
7f2f423c9000-7f2f423ca000 rw-p 00008000 08:01 932330                     /usr/lib/jvm/java-8-openjdk-amd64/jre/lib/amd64/libzip.so
7f2f423ca000-7f2f423d4000 r-xp 00000000 08:01 1442657                    /lib/x86_64-linux-gnu/libnss_files-2.24.so
7f2f423d4000-7f2f425d4000 ---p 0000a000 08:01 1442657                    /lib/x86_64-linux-gnu/libnss_files-2.24.so
7f2f425d4000-7f2f425d5000 r--p 0000a000 08:01 1442657                    /lib/x86_64-linux-gnu/libnss_files-2.24.so
7f2f425d5000-7f2f425d6000 rw-p 0000b000 08:01 1442657                    /lib/x86_64-linux-gnu/libnss_files-2.24.so
7f2f425d6000-7f2f425dc000 rw-p 00000000 00:00 0 
7f2f425dc000-7f2f425e7000 r-xp 00000000 08:01 1442659                    /lib/x86_64-linux-gnu/libnss_nis-2.24.so
7f2f425e7000-7f2f427e6000 ---p 0000b000 08:01 1442659                    /lib/x86_64-linux-gnu/libnss_nis-2.24.so
7f2f427e6000-7f2f427e7000 r--p 0000a000 08:01 1442659                    /lib/x86_64-linux-gnu/libnss_nis-2.24.so
7f2f427e7000-7f2f427e8000 rw-p 0000b000 08:01 1442659                    /lib/x86_64-linux-gnu/libnss_nis-2.24.so
7f2f427e8000-7f2f427fc000 r-xp 00000000 08:01 1442654                    /lib/x86_64-linux-gnu/libnsl-2.24.so
7f2f427fc000-7f2f429fc000 ---p 00014000 08:01 1442654                    /lib/x86_64-linux-gnu/libnsl-2.24.so
7f2f429fc000-7f2f429fd000 r--p 00014000 08:01 1442654                    /lib/x86_64-linux-gnu/libnsl-2.24.so
7f2f429fd000-7f2f429fe000 rw-p 00015000 08:01 1442654                    /lib/x86_64-linux-gnu/libnsl-2.24.so
7f2f429fe000-7f2f42a00000 rw-p 00000000 00:00 0 
7f2f42a00000-7f2f42a07000 r-xp 00000000 08:01 1442655                    /lib/x86_64-linux-gnu/libnss_compat-2.24.so
7f2f42a07000-7f2f42c06000 ---p 00007000 08:01 1442655                    /lib/x86_64-linux-gnu/libnss_compat-2.24.so
7f2f42c06000-7f2f42c07000 r--p 00006000 08:01 1442655                    /lib/x86_64-linux-gnu/libnss_compat-2.24.so
7f2f42c07000-7f2f42c08000 rw-p 00007000 08:01 1442655                    /lib/x86_64-linux-gnu/libnss_compat-2.24.so
7f2f42c08000-7f2f42c32000 r-xp 00000000 08:01 932311                     /usr/lib/jvm/java-8-openjdk-amd64/jre/lib/amd64/libjava.so
7f2f42c32000-7f2f42e31000 ---p 0002a000 08:01 932311                     /usr/lib/jvm/java-8-openjdk-amd64/jre/lib/amd64/libjava.so
7f2f42e31000-7f2f42e32000 r--p 00029000 08:01 932311                     /usr/lib/jvm/java-8-openjdk-amd64/jre/lib/amd64/libjava.so
7f2f42e32000-7f2f42e34000 rw-p 0002a000 08:01 932311                     /usr/lib/jvm/java-8-openjdk-amd64/jre/lib/amd64/libjava.so
7f2f42e34000-7f2f42e43000 r-xp 00000000 08:01 932329                     /usr/lib/jvm/java-8-openjdk-amd64/jre/lib/amd64/libverify.so
7f2f42e43000-7f2f43043000 ---p 0000f000 08:01 932329                     /usr/lib/jvm/java-8-openjdk-amd64/jre/lib/amd64/libverify.so
7f2f43043000-7f2f43045000 r--p 0000f000 08:01 932329                     /usr/lib/jvm/java-8-openjdk-amd64/jre/lib/amd64/libverify.so
7f2f43045000-7f2f43046000 rw-p 00011000 08:01 932329                     /usr/lib/jvm/java-8-openjdk-amd64/jre/lib/amd64/libverify.so
7f2f43046000-7f2f4304d000 r-xp 00000000 08:01 1442664                    /lib/x86_64-linux-gnu/librt-2.24.so
7f2f4304d000-7f2f4324c000 ---p 00007000 08:01 1442664                    /lib/x86_64-linux-gnu/librt-2.24.so
7f2f4324c000-7f2f4324d000 r--p 00006000 08:01 1442664                    /lib/x86_64-linux-gnu/librt-2.24.so
7f2f4324d000-7f2f4324e000 rw-p 00007000 08:01 1442664                    /lib/x86_64-linux-gnu/librt-2.24.so
7f2f4324e000-7f2f43264000 r-xp 00000000 08:01 1441796                    /lib/x86_64-linux-gnu/libgcc_s.so.1
7f2f43264000-7f2f43463000 ---p 00016000 08:01 1441796                    /lib/x86_64-linux-gnu/libgcc_s.so.1
7f2f43463000-7f2f43464000 r--p 00015000 08:01 1441796                    /lib/x86_64-linux-gnu/libgcc_s.so.1
7f2f43464000-7f2f43465000 rw-p 00016000 08:01 1441796                    /lib/x86_64-linux-gnu/libgcc_s.so.1
7f2f43465000-7f2f43568000 r-xp 00000000 08:01 1442650                    /lib/x86_64-linux-gnu/libm-2.24.so
7f2f43568000-7f2f43767000 ---p 00103000 08:01 1442650                    /lib/x86_64-linux-gnu/libm-2.24.so
7f2f43767000-7f2f43768000 r--p 00102000 08:01 1442650                    /lib/x86_64-linux-gnu/libm-2.24.so
7f2f43768000-7f2f43769000 rw-p 00103000 08:01 1442650                    /lib/x86_64-linux-gnu/libm-2.24.so
7f2f43769000-7f2f438db000 r-xp 00000000 08:01 398144                     /usr/lib/x86_64-linux-gnu/libstdc++.so.6.0.22
7f2f438db000-7f2f43adb000 ---p 00172000 08:01 398144                     /usr/lib/x86_64-linux-gnu/libstdc++.so.6.0.22
7f2f43adb000-7f2f43ae5000 r--p 00172000 08:01 398144                     /usr/lib/x86_64-linux-gnu/libstdc++.so.6.0.22
7f2f43ae5000-7f2f43ae7000 rw-p 0017c000 08:01 398144                     /usr/lib/x86_64-linux-gnu/libstdc++.so.6.0.22
7f2f43ae7000-7f2f43aeb000 rw-p 00000000 00:00 0 
7f2f43aeb000-7f2f44756000 r-xp 00000000 08:01 932332                     /usr/lib/jvm/java-8-openjdk-amd64/jre/lib/amd64/server/libjvm.so
7f2f44756000-7f2f44955000 ---p 00c6b000 08:01 932332                     /usr/lib/jvm/java-8-openjdk-amd64/jre/lib/amd64/server/libjvm.so
7f2f44955000-7f2f449e9000 r--p 00c6a000 08:01 932332                     /usr/lib/jvm/java-8-openjdk-amd64/jre/lib/amd64/server/libjvm.so
7f2f449e9000-7f2f44a12000 rw-p 00cfe000 08:01 932332                     /usr/lib/jvm/java-8-openjdk-amd64/jre/lib/amd64/server/libjvm.so
7f2f44a12000-7f2f44a42000 rw-p 00000000 00:00 0 
7f2f44a42000-7f2f44bd7000 r-xp 00000000 08:01 1442644                    /lib/x86_64-linux-gnu/libc-2.24.so
7f2f44bd7000-7f2f44dd7000 ---p 00195000 08:01 1442644                    /lib/x86_64-linux-gnu/libc-2.24.so
7f2f44dd7000-7f2f44ddb000 r--p 00195000 08:01 1442644                    /lib/x86_64-linux-gnu/libc-2.24.so
7f2f44ddb000-7f2f44ddd000 rw-p 00199000 08:01 1442644                    /lib/x86_64-linux-gnu/libc-2.24.so
7f2f44ddd000-7f2f44de1000 rw-p 00000000 00:00 0 
7f2f44de1000-7f2f44de4000 r-xp 00000000 08:01 1442648                    /lib/x86_64-linux-gnu/libdl-2.24.so
7f2f44de4000-7f2f44fe3000 ---p 00003000 08:01 1442648                    /lib/x86_64-linux-gnu/libdl-2.24.so
7f2f44fe3000-7f2f44fe4000 r--p 00002000 08:01 1442648                    /lib/x86_64-linux-gnu/libdl-2.24.so
7f2f44fe4000-7f2f44fe5000 rw-p 00003000 08:01 1442648                    /lib/x86_64-linux-gnu/libdl-2.24.so
7f2f44fe5000-7f2f44ff2000 r-xp 00000000 08:01 918514                     /usr/lib/jvm/java-8-openjdk-amd64/jre/lib/amd64/jli/libjli.so
7f2f44ff2000-7f2f451f2000 ---p 0000d000 08:01 918514                     /usr/lib/jvm/java-8-openjdk-amd64/jre/lib/amd64/jli/libjli.so
7f2f451f2000-7f2f451f3000 r--p 0000d000 08:01 918514                     /usr/lib/jvm/java-8-openjdk-amd64/jre/lib/amd64/jli/libjli.so
7f2f451f3000-7f2f451f4000 rw-p 0000e000 08:01 918514                     /usr/lib/jvm/java-8-openjdk-amd64/jre/lib/amd64/jli/libjli.so
7f2f451f4000-7f2f4520d000 r-xp 00000000 08:01 1441882                    /lib/x86_64-linux-gnu/libz.so.1.2.8
7f2f4520d000-7f2f4540c000 ---p 00019000 08:01 1441882                    /lib/x86_64-linux-gnu/libz.so.1.2.8
7f2f4540c000-7f2f4540d000 r--p 00018000 08:01 1441882                    /lib/x86_64-linux-gnu/libz.so.1.2.8
7f2f4540d000-7f2f4540e000 rw-p 00019000 08:01 1441882                    /lib/x86_64-linux-gnu/libz.so.1.2.8
7f2f4540e000-7f2f45426000 r-xp 00000000 08:01 1442662                    /lib/x86_64-linux-gnu/libpthread-2.24.so
7f2f45426000-7f2f45625000 ---p 00018000 08:01 1442662                    /lib/x86_64-linux-gnu/libpthread-2.24.so
7f2f45625000-7f2f45626000 r--p 00017000 08:01 1442662                    /lib/x86_64-linux-gnu/libpthread-2.24.so
7f2f45626000-7f2f45627000 rw-p 00018000 08:01 1442662                    /lib/x86_64-linux-gnu/libpthread-2.24.so
7f2f45627000-7f2f4562b000 rw-p 00000000 00:00 0 
7f2f4562b000-7f2f4564e000 r-xp 00000000 08:01 1442639                    /lib/x86_64-linux-gnu/ld-2.24.so
7f2f4564e000-7f2f4564f000 r--s 00000000 08:01 1712315                    /home/gustavo/.m2/repository/org/springframework/boot/spring-boot-starter-aop/2.2.5.RELEASE/spring-boot-starter-aop-2.2.5.RELEASE.jar
7f2f4564f000-7f2f45720000 rw-p 00000000 00:00 0 
7f2f45720000-7f2f45734000 rw-p 00000000 00:00 0 
7f2f45734000-7f2f45735000 ---p 00000000 00:00 0 
7f2f45735000-7f2f45738000 ---p 00000000 00:00 0 
7f2f45738000-7f2f45839000 rw-p 00000000 00:00 0 
7f2f45839000-7f2f4583a000 r--s 00000000 08:01 1712313                    /home/gustavo/.m2/repository/org/springframework/boot/spring-boot-starter-data-jpa/2.2.5.RELEASE/spring-boot-starter-data-jpa-2.2.5.RELEASE.jar
7f2f4583a000-7f2f4583b000 r--s 0000a000 08:01 932344                     /usr/lib/jvm/java-8-openjdk-amd64/jre/lib/ext/jaccess.jar
7f2f4583b000-7f2f4583c000 r--s 0000d000 08:01 932347                     /usr/lib/jvm/java-8-openjdk-amd64/jre/lib/ext/sunec.jar
7f2f4583c000-7f2f45841000 r--s 0003d000 08:01 932348                     /usr/lib/jvm/java-8-openjdk-amd64/jre/lib/ext/sunjce_provider.jar
7f2f45841000-7f2f45842000 r--s 00010000 08:01 932350                     /usr/lib/jvm/java-8-openjdk-amd64/jre/lib/ext/zipfs.jar
7f2f45842000-7f2f45844000 r--s 00007000 08:01 802902                     /usr/share/java/java-atk-wrapper.jar
7f2f45844000-7f2f4584c000 rw-s 00000000 08:01 1712600                    /tmp/hsperfdata_gustavo/16197
7f2f4584c000-7f2f4584d000 rw-p 00000000 00:00 0 
7f2f4584d000-7f2f4584e000 r--p 00000000 00:00 0 
7f2f4584e000-7f2f4584f000 r--p 00023000 08:01 1442639                    /lib/x86_64-linux-gnu/ld-2.24.so
7f2f4584f000-7f2f45850000 rw-p 00024000 08:01 1442639                    /lib/x86_64-linux-gnu/ld-2.24.so
7f2f45850000-7f2f45851000 rw-p 00000000 00:00 0 
7ffc9473b000-7ffc9475e000 rw-p 00000000 00:00 0                          [stack]
7ffc947b7000-7ffc947b9000 r--p 00000000 00:00 0                          [vvar]
7ffc947b9000-7ffc947bb000 r-xp 00000000 00:00 0                          [vdso]
ffffffffff600000-ffffffffff601000 r-xp 00000000 00:00 0                  [vsyscall]

VM Arguments:
jvm_args: -Dfile.encoding=UTF-8 
java_command: com.in28minutes.springboot.microservice.example.forex.springbootmicroserviceforexservice.SpringBootMicroserviceForexServiceApplication
java_class_path (initial): /home/gustavo/Documentos/Trabalho_Diplomacao/spring-boot-microservice-forex-service/target/classes:/home/gustavo/.m2/repository/org/springframework/boot/spring-boot-starter-data-jpa/2.2.5.RELEASE/spring-boot-starter-data-jpa-2.2.5.RELEASE.jar:/home/gustavo/.m2/repository/org/springframework/boot/spring-boot-starter-aop/2.2.5.RELEASE/spring-boot-starter-aop-2.2.5.RELEASE.jar:/home/gustavo/.m2/repository/org/springframework/spring-aop/5.2.4.RELEASE/spring-aop-5.2.4.RELEASE.jar:/home/gustavo/.m2/repository/org/aspectj/aspectjweaver/1.9.5/aspectjweaver-1.9.5.jar:/home/gustavo/.m2/repository/org/springframework/boot/spring-boot-starter-jdbc/2.2.5.RELEASE/spring-boot-starter-jdbc-2.2.5.RELEASE.jar:/home/gustavo/.m2/repository/com/zaxxer/HikariCP/3.4.2/HikariCP-3.4.2.jar:/home/gustavo/.m2/repository/org/springframework/spring-jdbc/5.2.4.RELEASE/spring-jdbc-5.2.4.RELEASE.jar:/home/gustavo/.m2/repository/jakarta/activation/jakarta.activation-api/1.2.2/jakarta.activation-api-1.2.2.jar:/home/gustavo/.m2/repository/jakarta/persistence/jakarta.persistence-api/2.2.3/jakarta.persistence-api-2.2.3.jar:/home/gustavo/.m2/repository/jakarta/transaction/jakarta.transaction-api/1.3.3/jakarta.transaction-api-1.3.3.jar:/home/gustavo/.m2/repository/org/hibernate/hibernate-core/5.4.12.Final/hibernate-core-5.4.12.Final.jar:/home/gustavo/.m2/repository/org/jboss/logging/jboss-logging/3.4.1.Final/jboss-logging-3.4.1.Final.jar:/home/gustavo/.m2/repository/org/javassist/javassist/3.24.0-GA/javassist-3.24.0-GA.jar:/home/gustavo/.m2/repository/net/bytebuddy/byte-buddy/1.10.8/byte-buddy-1.10.8.jar:/home/gustavo/.m2/repository/antlr/antlr/2.7.7/antlr-2.7.7.jar:/home/gustavo/.m2/repository/org/jboss/jandex/2.1.1.Final/jandex-2.1.1.Final.jar:/home/gustavo/.m2/repository/com/fasterxml/classmate/1.5.1/classmate-1.5.1.jar:/home/gustavo/.m2/repository/org/dom4j/dom4j/2.1.1/dom4j-2.1.1.jar:/home/gustavo/.m2/repository/org/hibernate/common/hibernate-commons-annotations/5.1.0.Fin
Launcher Type: SUN_STANDARD

Environment Variables:
PATH=/usr/local/bin:/usr/bin:/bin:/usr/local/games:/usr/games
SHELL=/bin/bash
DISPLAY=:0.0

Signal Handlers:
SIGSEGV: [libjvm.so+0xa7fff0], sa_mask[0]=11111111011111111101111111111110, sa_flags=SA_RESTART|SA_SIGINFO
SIGBUS: [libjvm.so+0xa7fff0], sa_mask[0]=11111111011111111101111111111110, sa_flags=SA_RESTART|SA_SIGINFO
SIGFPE: [libjvm.so+0x8c89a0], sa_mask[0]=11111111011111111101111111111110, sa_flags=SA_RESTART|SA_SIGINFO
SIGPIPE: [libjvm.so+0x8c89a0], sa_mask[0]=11111111011111111101111111111110, sa_flags=SA_RESTART|SA_SIGINFO
SIGXFSZ: [libjvm.so+0x8c89a0], sa_mask[0]=11111111011111111101111111111110, sa_flags=SA_RESTART|SA_SIGINFO
SIGILL: [libjvm.so+0x8c89a0], sa_mask[0]=11111111011111111101111111111110, sa_flags=SA_RESTART|SA_SIGINFO
SIGUSR1: SIG_DFL, sa_mask[0]=00000000000000000000000000000000, sa_flags=none
SIGUSR2: [libjvm.so+0x8c8850], sa_mask[0]=00100000000000000000000000000000, sa_flags=SA_RESTART|SA_SIGINFO
SIGHUP: [libjvm.so+0x8c8ec0], sa_mask[0]=11111111011111111101111111111110, sa_flags=SA_RESTART|SA_SIGINFO
SIGINT: [libjvm.so+0x8c8ec0], sa_mask[0]=11111111011111111101111111111110, sa_flags=SA_RESTART|SA_SIGINFO
SIGTERM: [libjvm.so+0x8c8ec0], sa_mask[0]=11111111011111111101111111111110, sa_flags=SA_RESTART|SA_SIGINFO
SIGQUIT: [libjvm.so+0x8c8ec0], sa_mask[0]=11111111011111111101111111111110, sa_flags=SA_RESTART|SA_SIGINFO


---------------  S Y S T E M  ---------------

OS:PRETTY_NAME="Debian GNU/Linux 9 (stretch)"
NAME="Debian GNU/Linux"
VERSION_ID="9"
VERSION="9 (stretch)"
VERSION_CODENAME=stretch
ID=debian
HOME_URL="https://www.debian.org/"
SUPPORT_URL="https://www.debian.org/support"
BUG_REPORT_URL="https://bugs.debian.org/"

uname:Linux 4.9.0-12-amd64 #1 SMP Debian 4.9.210-1 (2020-01-20) x86_64
libc:glibc 2.24 NPTL 2.24 
rlimit: STACK 8192k, CORE 0k, NPROC 15662, NOFILE 1048576, AS infinity
load average:9,62 6,55 2,96

/proc/meminfo:
MemTotal:        4032104 kB
MemFree:          102272 kB
MemAvailable:          0 kB
Buffers:             172 kB
Cached:            95112 kB
SwapCached:          336 kB
Active:          2759344 kB
Inactive:         554096 kB
Active(anon):    2757132 kB
Inactive(anon):   551480 kB
Active(file):       2212 kB
Inactive(file):     2616 kB
Unevictable:         160 kB
Mlocked:             160 kB
SwapTotal:        521212 kB
SwapFree:              0 kB
Dirty:                36 kB
Writeback:           104 kB
AnonPages:       3217996 kB
Mapped:            64748 kB
Shmem:             90448 kB
Slab:              88880 kB
SReclaimable:      18600 kB
SUnreclaim:        70280 kB
KernelStack:       12608 kB
PageTables:        43508 kB
NFS_Unstable:          0 kB
Bounce:                0 kB
WritebackTmp:          0 kB
CommitLimit:     2537264 kB
Committed_AS:    7121324 kB
VmallocTotal:   34359738367 kB
VmallocUsed:           0 kB
VmallocChunk:          0 kB
HardwareCorrupted:     0 kB
AnonHugePages:         0 kB
ShmemHugePages:        0 kB
ShmemPmdMapped:        0 kB
HugePages_Total:       0
HugePages_Free:        0
HugePages_Rsvd:        0
HugePages_Surp:        0
Hugepagesize:       2048 kB
DirectMap4k:      229248 kB
DirectMap2M:     3964928 kB
DirectMap1G:     2097152 kB

container (cgroup) information:
container_type: cgroupv1
cpu_cpuset_cpus: 0-1
cpu_memory_nodes: 0
active_processor_count: 2
cpu_quota: -1
cpu_period: 100000
cpu_shares: -1
memory_limit_in_bytes: -1
memory_and_swap_limit_in_bytes: -2
memory_soft_limit_in_bytes: -1
memory_usage_in_bytes: 3393515520
memory_max_usage_in_bytes: 0


CPU:total 2 (initial active 2) (1 cores per cpu, 1 threads per core) family 6 model 158 stepping 9, cmov, cx8, fxsr, mmx, sse, sse2, sse3, ssse3, sse4.1, sse4.2, popcnt, avx, avx2, aes, clmul, erms, 3dnowpref, lzcnt, tsc, tscinvbit, bmi1, bmi2, adx

/proc/cpuinfo:
processor	: 0
vendor_id	: GenuineIntel
cpu family	: 6
model		: 158
model name	: Intel(R) Core(TM) i7-7700HQ CPU @ 2.80GHz
stepping	: 9
microcode	: 0x8e
cpu MHz		: 2807.954
cache size	: 6144 KB
physical id	: 0
siblings	: 1
core id		: 0
cpu cores	: 1
apicid		: 0
initial apicid	: 0
fpu		: yes
fpu_exception	: yes
cpuid level	: 22
wp		: yes
flags		: fpu vme de pse tsc msr pae mce cx8 apic sep mtrr pge mca cmov pat pse36 clflush mmx fxsr sse sse2 ss syscall nx pdpe1gb rdtscp lm constant_tsc arch_perfmon nopl xtopology tsc_reliable nonstop_tsc pni pclmulqdq vmx ssse3 fma cx16 pcid sse4_1 sse4_2 x2apic movbe popcnt tsc_deadline_timer aes xsave avx f16c rdrand hypervisor lahf_lm abm 3dnowprefetch invpcid_single kaiser tpr_shadow vnmi ept vpid fsgsbase tsc_adjust bmi1 avx2 smep bmi2 invpcid mpx rdseed adx smap clflushopt xsaveopt xsavec xsaves arat
bugs		: cpu_meltdown spectre_v1 spectre_v2 spec_store_bypass l1tf mds swapgs itlb_multihit
bogomips	: 5616.00
clflush size	: 64
cache_alignment	: 64
address sizes	: 43 bits physical, 48 bits virtual
power management:

processor	: 1
vendor_id	: GenuineIntel
cpu family	: 6
model		: 158
model name	: Intel(R) Core(TM) i7-7700HQ CPU @ 2.80GHz
stepping	: 9
microcode	: 0x8e
cpu MHz		: 2807.954
cache size	: 6144 KB
physical id	: 2
siblings	: 1
core id		: 0
cpu cores	: 1
apicid		: 2
initial apicid	: 2
fpu		: yes
fpu_exception	: yes
cpuid level	: 22
wp		: yes
flags		: fpu vme de pse tsc msr pae mce cx8 apic sep mtrr pge mca cmov pat pse36 clflush mmx fxsr sse sse2 ss syscall nx pdpe1gb rdtscp lm constant_tsc arch_perfmon nopl xtopology tsc_reliable nonstop_tsc pni pclmulqdq vmx ssse3 fma cx16 pcid sse4_1 sse4_2 x2apic movbe popcnt tsc_deadline_timer aes xsave avx f16c rdrand hypervisor lahf_lm abm 3dnowprefetch invpcid_single kaiser tpr_shadow vnmi ept vpid fsgsbase tsc_adjust bmi1 avx2 smep bmi2 invpcid mpx rdseed adx smap clflushopt xsaveopt xsavec xsaves arat
bugs		: cpu_meltdown spectre_v1 spectre_v2 spec_store_bypass l1tf mds swapgs itlb_multihit
bogomips	: 5616.00
clflush size	: 64
cache_alignment	: 64
address sizes	: 43 bits physical, 48 bits virtual
power management:



Memory: 4k page, physical 4032104k(101652k free), swap 521212k(0k free)

vm_info: OpenJDK 64-Bit Server VM (25.242-b08) for linux-amd64 JRE (1.8.0_242-8u242-b08-1~deb9u1-b08), built on Feb 10 2020 12:38:09 by "pbuilder" with gcc 6.3.0 20170516

time: Wed Apr  1 15:23:34 2020
timezone: -03
elapsed time: 28421 seconds (0d 7h 53m 41s)

